<?xml version="1.0" encoding="UTF-8"?>
<!-- Generated by org.testng.reporters.JUnitReportReporter -->
<testsuite hostname="LAPTOP-QF40Q4E0" failures="0" tests="1" name="com.fastcompany.HomeUiTest" time="0.217" errors="0" timestamp="08 Apr 2022 14:41:25 GMT" skipped="0">
  <testcase classname="com.fastcompany.HomeUiTest" name="testHomeUi" time="0.217"/>
</testsuite> <!-- com.fastcompany.HomeUiTest -->
